# JRE version: OpenJDK Runtime Environment (8.0_202-b03) (build 1.8.0_202-release-1483-b03)
# Java VM: OpenJDK 64-Bit Server VM (25.202-b03 mixed mode windows-amd64 compressed oops)
Heap:
 PSYoungGen      total 170496K, used 131549K [0x00000000e0000000, 0x00000000ed800000, 0x0000000100000000)
  eden space 153088K, 74% used [0x00000000e0000000,0x00000000e6f7c2b0,0x00000000e9580000)
  from space 17408K, 99% used [0x00000000e9580000,0x00000000ea67b1b0,0x00000000ea680000)
  to   space 22016K, 0% used [0x00000000ec280000,0x00000000ec280000,0x00000000ed800000)
 ParOldGen       total 166400K, used 39075K [0x00000000a0000000, 0x00000000aa280000, 0x00000000e0000000)
  object space 166400K, 23% used [0x00000000a0000000,0x00000000a2628cd0,0x00000000aa280000)
 Metaspace       used 77623K, capacity 80124K, committed 80344K, reserved 1118208K
  class space    used 10111K, capacity 10645K, committed 10712K, reserved 1048576K
GC Heap History (10 events):
Event: 49.163 GC heap before
{Heap before GC invocations=12 (full 2):
 PSYoungGen      total 105984K, used 60253K [0x00000000e0000000, 0x00000000e9c80000, 0x0000000100000000)
  eden space 92672K, 50% used [0x00000000e0000000,0x00000000e2dded18,0x00000000e5a80000)
  from space 13312K, 99% used [0x00000000e5a80000,0x00000000e6778820,0x00000000e6780000)
  to   space 16384K, 0% used [0x00000000e8c80000,0x00000000e8c80000,0x00000000e9c80000)
 ParOldGen       total 116736K, used 22601K [0x00000000a0000000, 0x00000000a7200000, 0x00000000e0000000)
  object space 116736K, 19% used [0x00000000a0000000,0x00000000a1612450,0x00000000a7200000)
 Metaspace       used 57492K, capacity 58984K, committed 59028K, reserved 1099776K
  class space    used 7779K, capacity 8111K, committed 8152K, reserved 1048576K
Event: 49.211 GC heap after
Heap after GC invocations=12 (full 2):
 PSYoungGen      total 143360K, used 12849K [0x00000000e0000000, 0x00000000ea600000, 0x0000000100000000)
  eden space 126976K, 0% used [0x00000000e0000000,0x00000000e0000000,0x00000000e7c00000)
  from space 16384K, 78% used [0x00000000e8c80000,0x00000000e990c768,0x00000000e9c80000)
  to   space 16896K, 0% used [0x00000000e7c00000,0x00000000e7c00000,0x00000000e8c80000)
 ParOldGen       total 116736K, used 26417K [0x00000000a0000000, 0x00000000a7200000, 0x00000000e0000000)
  object space 116736K, 22% used [0x00000000a0000000,0x00000000a19cc478,0x00000000a7200000)
 Metaspace       used 57492K, capacity 58984K, committed 59028K, reserved 1099776K
  class space    used 7779K, capacity 8111K, committed 8152K, reserved 1048576K
}
Event: 49.211 GC heap before
{Heap before GC invocations=13 (full 3):
 PSYoungGen      total 143360K, used 12849K [0x00000000e0000000, 0x00000000ea600000, 0x0000000100000000)
  eden space 126976K, 0% used [0x00000000e0000000,0x00000000e0000000,0x00000000e7c00000)
  from space 16384K, 78% used [0x00000000e8c80000,0x00000000e990c768,0x00000000e9c80000)
  to   space 16896K, 0% used [0x00000000e7c00000,0x00000000e7c00000,0x00000000e8c80000)
 ParOldGen       total 116736K, used 26417K [0x00000000a0000000, 0x00000000a7200000, 0x00000000e0000000)
  object space 116736K, 22% used [0x00000000a0000000,0x00000000a19cc478,0x00000000a7200000)
 Metaspace       used 57492K, capacity 58984K, committed 59028K, reserved 1099776K
  class space    used 7779K, capacity 8111K, committed 8152K, reserved 1048576K
Event: 49.626 GC heap after
Heap after GC invocations=13 (full 3):
 PSYoungGen      total 143360K, used 0K [0x00000000e0000000, 0x00000000ea600000, 0x0000000100000000)
  eden space 126976K, 0% used [0x00000000e0000000,0x00000000e0000000,0x00000000e7c00000)
  from space 16384K, 0% used [0x00000000e8c80000,0x00000000e8c80000,0x00000000e9c80000)
  to   space 16896K, 0% used [0x00000000e7c00000,0x00000000e7c00000,0x00000000e8c80000)
 ParOldGen       total 166400K, used 31205K [0x00000000a0000000, 0x00000000aa280000, 0x00000000e0000000)
  object space 166400K, 18% used [0x00000000a0000000,0x00000000a1e79780,0x00000000aa280000)
 Metaspace       used 57492K, capacity 58984K, committed 59028K, reserved 1099776K
  class space    used 7779K, capacity 8111K, committed 8152K, reserved 1048576K
}
Event: 2478.416 GC heap before
{Heap before GC invocations=14 (full 3):
 PSYoungGen      total 143360K, used 126976K [0x00000000e0000000, 0x00000000ea600000, 0x0000000100000000)
  eden space 126976K, 100% used [0x00000000e0000000,0x00000000e7c00000,0x00000000e7c00000)
  from space 16384K, 0% used [0x00000000e8c80000,0x00000000e8c80000,0x00000000e9c80000)
  to   space 16896K, 0% used [0x00000000e7c00000,0x00000000e7c00000,0x00000000e8c80000)
 ParOldGen       total 166400K, used 31205K [0x00000000a0000000, 0x00000000aa280000, 0x00000000e0000000)
  object space 166400K, 18% used [0x00000000a0000000,0x00000000a1e79780,0x00000000aa280000)
 Metaspace       used 63976K, capacity 65834K, committed 66008K, reserved 1105920K
  class space    used 8418K, capacity 8842K, committed 8920K, reserved 1048576K
Event: 2478.444 GC heap after
Heap after GC invocations=14 (full 3):
 PSYoungGen      total 143872K, used 9506K [0x00000000e0000000, 0x00000000eb800000, 0x0000000100000000)
  eden space 126976K, 0% used [0x00000000e0000000,0x00000000e0000000,0x00000000e7c00000)
  from space 16896K, 56% used [0x00000000e7c00000,0x00000000e8548930,0x00000000e8c80000)
  to   space 16384K, 0% used [0x00000000ea800000,0x00000000ea800000,0x00000000eb800000)
 ParOldGen       total 166400K, used 31213K [0x00000000a0000000, 0x00000000aa280000, 0x00000000e0000000)
  object space 166400K, 18% used [0x00000000a0000000,0x00000000a1e7b780,0x00000000aa280000)
 Metaspace       used 63976K, capacity 65834K, committed 66008K, reserved 1105920K
  class space    used 8418K, capacity 8842K, committed 8920K, reserved 1048576K
}
Event: 2537.553 GC heap before
{Heap before GC invocations=15 (full 3):
 PSYoungGen      total 143872K, used 136482K [0x00000000e0000000, 0x00000000eb800000, 0x0000000100000000)
  eden space 126976K, 100% used [0x00000000e0000000,0x00000000e7c00000,0x00000000e7c00000)
  from space 16896K, 56% used [0x00000000e7c00000,0x00000000e8548930,0x00000000e8c80000)
  to   space 16384K, 0% used [0x00000000ea800000,0x00000000ea800000,0x00000000eb800000)
 ParOldGen       total 166400K, used 31213K [0x00000000a0000000, 0x00000000aa280000, 0x00000000e0000000)
  object space 166400K, 18% used [0x00000000a0000000,0x00000000a1e7b780,0x00000000aa280000)
 Metaspace       used 66851K, capacity 68928K, committed 69080K, reserved 1110016K
  class space    used 8690K, capacity 9137K, committed 9176K, reserved 1048576K
Event: 2537.592 GC heap after
Heap after GC invocations=15 (full 3):
 PSYoungGen      total 166912K, used 15373K [0x00000000e0000000, 0x00000000eb780000, 0x0000000100000000)
  eden space 151040K, 0% used [0x00000000e0000000,0x00000000e0000000,0x00000000e9380000)
  from space 15872K, 96% used [0x00000000ea800000,0x00000000eb7035c8,0x00000000eb780000)
  to   space 17408K, 0% used [0x00000000e9580000,0x00000000e9580000,0x00000000ea680000)
 ParOldGen       total 166400K, used 31213K [0x00000000a0000000, 0x00000000aa280000, 0x00000000e0000000)
  object space 166400K, 18% used [0x00000000a0000000,0x00000000a1e7b780,0x00000000aa280000)
 Metaspace       used 66851K, capacity 68928K, committed 69080K, reserved 1110016K
  class space    used 8690K, capacity 9137K, committed 9176K, reserved 1048576K
}
Event: 2544.104 GC heap before
{Heap before GC invocations=16 (full 3):
 PSYoungGen      total 166912K, used 166235K [0x00000000e0000000, 0x00000000eb780000, 0x0000000100000000)
  eden space 151040K, 99% used [0x00000000e0000000,0x00000000e9353780,0x00000000e9380000)
  from space 15872K, 96% used [0x00000000ea800000,0x00000000eb7035c8,0x00000000eb780000)
  to   space 17408K, 0% used [0x00000000e9580000,0x00000000e9580000,0x00000000ea680000)
 ParOldGen       total 166400K, used 31213K [0x00000000a0000000, 0x00000000aa280000, 0x00000000e0000000)
  object space 166400K, 18% used [0x00000000a0000000,0x00000000a1e7b780,0x00000000aa280000)
 Metaspace       used 73557K, capacity 75796K, committed 75864K, reserved 1116160K
  class space    used 9566K, capacity 10055K, committed 10072K, reserved 1048576K
Event: 2544.138 GC heap after
Heap after GC invocations=16 (full 3):
 PSYoungGen      total 170496K, used 17388K [0x00000000e0000000, 0x00000000ed800000, 0x0000000100000000)
  eden space 153088K, 0% used [0x00000000e0000000,0x00000000e0000000,0x00000000e9580000)
  from space 17408K, 99% used [0x00000000e9580000,0x00000000ea67b1b0,0x00000000ea680000)
  to   space 22016K, 0% used [0x00000000ec280000,0x00000000ec280000,0x00000000ed800000)
 ParOldGen       total 166400K, used 39075K [0x00000000a0000000, 0x00000000aa280000, 0x00000000e0000000)
  object space 166400K, 23% used [0x00000000a0000000,0x00000000a2628cd0,0x00000000aa280000)
 Metaspace       used 73557K, capacity 75796K, committed 75864K, reserved 1116160K
  class space    used 9566K, capacity 10055K, committed 10072K, reserved 1048576K
}

